The system is: Linux - 4.15.0-106-generic - x86_64
Compiling the C compiler identification source file "CMakeCCompilerId.c" succeeded.
Compiler: /usr/bin/cc 
Build flags: -m32
Id flags:  

The output was:
0


Compilation of the C compiler identification source "CMakeCCompilerId.c" produced "a.out"

The C compiler identification is GNU, found in "/home/kumquat/dynamorio/build32/CMakeFiles/3.9.2/CompilerIdC/a.out"

Determining if the C compiler works passed with the following output:
Change Dir: /home/kumquat/dynamorio/build32/CMakeFiles/CMakeTmp

Run Build Command:"/usr/bin/make" "cmTC_db44e/fast"
/usr/bin/make -f CMakeFiles/cmTC_db44e.dir/build.make CMakeFiles/cmTC_db44e.dir/build
make[1]: Entering directory '/home/kumquat/dynamorio/build32/CMakeFiles/CMakeTmp'
Building C object CMakeFiles/cmTC_db44e.dir/testCCompiler.c.o
/usr/bin/cc   -m32    -o CMakeFiles/cmTC_db44e.dir/testCCompiler.c.o   -c /home/kumquat/dynamorio/build32/CMakeFiles/CMakeTmp/testCCompiler.c
Linking C executable cmTC_db44e
/usr/local/bin/cmake -E cmake_link_script CMakeFiles/cmTC_db44e.dir/link.txt --verbose=1
/usr/bin/cc -m32     CMakeFiles/cmTC_db44e.dir/testCCompiler.c.o  -o cmTC_db44e 
make[1]: Leaving directory '/home/kumquat/dynamorio/build32/CMakeFiles/CMakeTmp'


Detecting C compiler ABI info compiled with the following output:
Change Dir: /home/kumquat/dynamorio/build32/CMakeFiles/CMakeTmp

Run Build Command:"/usr/bin/make" "cmTC_5657a/fast"
/usr/bin/make -f CMakeFiles/cmTC_5657a.dir/build.make CMakeFiles/cmTC_5657a.dir/build
make[1]: Entering directory '/home/kumquat/dynamorio/build32/CMakeFiles/CMakeTmp'
Building C object CMakeFiles/cmTC_5657a.dir/CMakeCCompilerABI.c.o
/usr/bin/cc   -m32    -o CMakeFiles/cmTC_5657a.dir/CMakeCCompilerABI.c.o   -c /usr/local/share/cmake-3.9/Modules/CMakeCCompilerABI.c
Linking C executable cmTC_5657a
/usr/local/bin/cmake -E cmake_link_script CMakeFiles/cmTC_5657a.dir/link.txt --verbose=1
/usr/bin/cc -m32    -v CMakeFiles/cmTC_5657a.dir/CMakeCCompilerABI.c.o  -o cmTC_5657a 
Using built-in specs.
COLLECT_GCC=/usr/bin/cc
COLLECT_LTO_WRAPPER=/usr/lib/gcc/x86_64-linux-gnu/5/lto-wrapper
Target: x86_64-linux-gnu
Configured with: ../src/configure -v --with-pkgversion='Ubuntu 5.4.0-6ubuntu1~16.04.12' --with-bugurl=file:///usr/share/doc/gcc-5/README.Bugs --enable-languages=c,ada,c++,java,go,d,fortran,objc,obj-c++ --prefix=/usr --program-suffix=-5 --enable-shared --enable-linker-build-id --libexecdir=/usr/lib --without-included-gettext --enable-threads=posix --libdir=/usr/lib --enable-nls --with-sysroot=/ --enable-clocale=gnu --enable-libstdcxx-debug --enable-libstdcxx-time=yes --with-default-libstdcxx-abi=new --enable-gnu-unique-object --disable-vtable-verify --enable-libmpx --enable-plugin --with-system-zlib --disable-browser-plugin --enable-java-awt=gtk --enable-gtk-cairo --with-java-home=/usr/lib/jvm/java-1.5.0-gcj-5-amd64/jre --enable-java-home --with-jvm-root-dir=/usr/lib/jvm/java-1.5.0-gcj-5-amd64 --with-jvm-jar-dir=/usr/lib/jvm-exports/java-1.5.0-gcj-5-amd64 --with-arch-directory=amd64 --with-ecj-jar=/usr/share/java/eclipse-ecj.jar --enable-objc-gc --enable-multiarch --disable-werror --with-arch-32=i686 --with-abi=m64 --with-multilib-list=m32,m64,mx32 --enable-multilib --with-tune=generic --enable-checking=release --build=x86_64-linux-gnu --host=x86_64-linux-gnu --target=x86_64-linux-gnu
Thread model: posix
gcc version 5.4.0 20160609 (Ubuntu 5.4.0-6ubuntu1~16.04.12) 
COMPILER_PATH=/usr/lib/gcc/x86_64-linux-gnu/5/:/usr/lib/gcc/x86_64-linux-gnu/5/:/usr/lib/gcc/x86_64-linux-gnu/:/usr/lib/gcc/x86_64-linux-gnu/5/:/usr/lib/gcc/x86_64-linux-gnu/
LIBRARY_PATH=/usr/lib/gcc/x86_64-linux-gnu/5/32/:/usr/lib/gcc/x86_64-linux-gnu/5/../../../i386-linux-gnu/:/usr/lib/gcc/x86_64-linux-gnu/5/../../../../lib32/:/lib/../lib32/:/usr/lib/i386-linux-gnu/:/usr/lib/../lib32/:/usr/lib/gcc/x86_64-linux-gnu/5/:/usr/lib/gcc/x86_64-linux-gnu/5/../../../i386-linux-gnu/:/usr/lib/gcc/x86_64-linux-gnu/5/../../../:/lib/:/usr/lib/i386-linux-gnu/:/usr/lib/
COLLECT_GCC_OPTIONS='-m32' '-v' '-o' 'cmTC_5657a' '-mtune=generic' '-march=i686'
 /usr/lib/gcc/x86_64-linux-gnu/5/collect2 -plugin /usr/lib/gcc/x86_64-linux-gnu/5/liblto_plugin.so -plugin-opt=/usr/lib/gcc/x86_64-linux-gnu/5/lto-wrapper -plugin-opt=-fresolution=/tmp/ccqS9CaI.res -plugin-opt=-pass-through=-lgcc -plugin-opt=-pass-through=-lgcc_s -plugin-opt=-pass-through=-lc -plugin-opt=-pass-through=-lgcc -plugin-opt=-pass-through=-lgcc_s --sysroot=/ --build-id --eh-frame-hdr -m elf_i386 --hash-style=gnu --as-needed -dynamic-linker /lib/ld-linux.so.2 -z relro -o cmTC_5657a /usr/lib/gcc/x86_64-linux-gnu/5/../../../../lib32/crt1.o /usr/lib/gcc/x86_64-linux-gnu/5/../../../../lib32/crti.o /usr/lib/gcc/x86_64-linux-gnu/5/32/crtbegin.o -L/usr/lib/gcc/x86_64-linux-gnu/5/32 -L/usr/lib/gcc/x86_64-linux-gnu/5/../../../i386-linux-gnu -L/usr/lib/gcc/x86_64-linux-gnu/5/../../../../lib32 -L/lib/../lib32 -L/usr/lib/i386-linux-gnu -L/usr/lib/../lib32 -L/usr/lib/gcc/x86_64-linux-gnu/5 -L/usr/lib/gcc/x86_64-linux-gnu/5/../../../i386-linux-gnu -L/usr/lib/gcc/x86_64-linux-gnu/5/../../.. -L/usr/lib/i386-linux-gnu CMakeFiles/cmTC_5657a.dir/CMakeCCompilerABI.c.o -lgcc --as-needed -lgcc_s --no-as-needed -lc -lgcc --as-needed -lgcc_s --no-as-needed /usr/lib/gcc/x86_64-linux-gnu/5/32/crtend.o /usr/lib/gcc/x86_64-linux-gnu/5/../../../../lib32/crtn.o
make[1]: Leaving directory '/home/kumquat/dynamorio/build32/CMakeFiles/CMakeTmp'


Parsed C implicit link information from above output:
  link line regex: [^( *|.*[/\])(ld|CMAKE_LINK_STARTFILE-NOTFOUND|([^/\]+-)?ld|collect2)[^/\]*( |$)]
  ignore line: [Change Dir: /home/kumquat/dynamorio/build32/CMakeFiles/CMakeTmp]
  ignore line: []
  ignore line: [Run Build Command:"/usr/bin/make" "cmTC_5657a/fast"]
  ignore line: [/usr/bin/make -f CMakeFiles/cmTC_5657a.dir/build.make CMakeFiles/cmTC_5657a.dir/build]
  ignore line: [make[1]: Entering directory '/home/kumquat/dynamorio/build32/CMakeFiles/CMakeTmp']
  ignore line: [Building C object CMakeFiles/cmTC_5657a.dir/CMakeCCompilerABI.c.o]
  ignore line: [/usr/bin/cc   -m32    -o CMakeFiles/cmTC_5657a.dir/CMakeCCompilerABI.c.o   -c /usr/local/share/cmake-3.9/Modules/CMakeCCompilerABI.c]
  ignore line: [Linking C executable cmTC_5657a]
  ignore line: [/usr/local/bin/cmake -E cmake_link_script CMakeFiles/cmTC_5657a.dir/link.txt --verbose=1]
  ignore line: [/usr/bin/cc -m32    -v CMakeFiles/cmTC_5657a.dir/CMakeCCompilerABI.c.o  -o cmTC_5657a ]
  ignore line: [Using built-in specs.]
  ignore line: [COLLECT_GCC=/usr/bin/cc]
  ignore line: [COLLECT_LTO_WRAPPER=/usr/lib/gcc/x86_64-linux-gnu/5/lto-wrapper]
  ignore line: [Target: x86_64-linux-gnu]
  ignore line: [Configured with: ../src/configure -v --with-pkgversion='Ubuntu 5.4.0-6ubuntu1~16.04.12' --with-bugurl=file:///usr/share/doc/gcc-5/README.Bugs --enable-languages=c,ada,c++,java,go,d,fortran,objc,obj-c++ --prefix=/usr --program-suffix=-5 --enable-shared --enable-linker-build-id --libexecdir=/usr/lib --without-included-gettext --enable-threads=posix --libdir=/usr/lib --enable-nls --with-sysroot=/ --enable-clocale=gnu --enable-libstdcxx-debug --enable-libstdcxx-time=yes --with-default-libstdcxx-abi=new --enable-gnu-unique-object --disable-vtable-verify --enable-libmpx --enable-plugin --with-system-zlib --disable-browser-plugin --enable-java-awt=gtk --enable-gtk-cairo --with-java-home=/usr/lib/jvm/java-1.5.0-gcj-5-amd64/jre --enable-java-home --with-jvm-root-dir=/usr/lib/jvm/java-1.5.0-gcj-5-amd64 --with-jvm-jar-dir=/usr/lib/jvm-exports/java-1.5.0-gcj-5-amd64 --with-arch-directory=amd64 --with-ecj-jar=/usr/share/java/eclipse-ecj.jar --enable-objc-gc --enable-multiarch --disable-werror --with-arch-32=i686 --with-abi=m64 --with-multilib-list=m32,m64,mx32 --enable-multilib --with-tune=generic --enable-checking=release --build=x86_64-linux-gnu --host=x86_64-linux-gnu --target=x86_64-linux-gnu]
  ignore line: [Thread model: posix]
  ignore line: [gcc version 5.4.0 20160609 (Ubuntu 5.4.0-6ubuntu1~16.04.12) ]
  ignore line: [COMPILER_PATH=/usr/lib/gcc/x86_64-linux-gnu/5/:/usr/lib/gcc/x86_64-linux-gnu/5/:/usr/lib/gcc/x86_64-linux-gnu/:/usr/lib/gcc/x86_64-linux-gnu/5/:/usr/lib/gcc/x86_64-linux-gnu/]
  ignore line: [LIBRARY_PATH=/usr/lib/gcc/x86_64-linux-gnu/5/32/:/usr/lib/gcc/x86_64-linux-gnu/5/../../../i386-linux-gnu/:/usr/lib/gcc/x86_64-linux-gnu/5/../../../../lib32/:/lib/../lib32/:/usr/lib/i386-linux-gnu/:/usr/lib/../lib32/:/usr/lib/gcc/x86_64-linux-gnu/5/:/usr/lib/gcc/x86_64-linux-gnu/5/../../../i386-linux-gnu/:/usr/lib/gcc/x86_64-linux-gnu/5/../../../:/lib/:/usr/lib/i386-linux-gnu/:/usr/lib/]
  ignore line: [COLLECT_GCC_OPTIONS='-m32' '-v' '-o' 'cmTC_5657a' '-mtune=generic' '-march=i686']
  link line: [ /usr/lib/gcc/x86_64-linux-gnu/5/collect2 -plugin /usr/lib/gcc/x86_64-linux-gnu/5/liblto_plugin.so -plugin-opt=/usr/lib/gcc/x86_64-linux-gnu/5/lto-wrapper -plugin-opt=-fresolution=/tmp/ccqS9CaI.res -plugin-opt=-pass-through=-lgcc -plugin-opt=-pass-through=-lgcc_s -plugin-opt=-pass-through=-lc -plugin-opt=-pass-through=-lgcc -plugin-opt=-pass-through=-lgcc_s --sysroot=/ --build-id --eh-frame-hdr -m elf_i386 --hash-style=gnu --as-needed -dynamic-linker /lib/ld-linux.so.2 -z relro -o cmTC_5657a /usr/lib/gcc/x86_64-linux-gnu/5/../../../../lib32/crt1.o /usr/lib/gcc/x86_64-linux-gnu/5/../../../../lib32/crti.o /usr/lib/gcc/x86_64-linux-gnu/5/32/crtbegin.o -L/usr/lib/gcc/x86_64-linux-gnu/5/32 -L/usr/lib/gcc/x86_64-linux-gnu/5/../../../i386-linux-gnu -L/usr/lib/gcc/x86_64-linux-gnu/5/../../../../lib32 -L/lib/../lib32 -L/usr/lib/i386-linux-gnu -L/usr/lib/../lib32 -L/usr/lib/gcc/x86_64-linux-gnu/5 -L/usr/lib/gcc/x86_64-linux-gnu/5/../../../i386-linux-gnu -L/usr/lib/gcc/x86_64-linux-gnu/5/../../.. -L/usr/lib/i386-linux-gnu CMakeFiles/cmTC_5657a.dir/CMakeCCompilerABI.c.o -lgcc --as-needed -lgcc_s --no-as-needed -lc -lgcc --as-needed -lgcc_s --no-as-needed /usr/lib/gcc/x86_64-linux-gnu/5/32/crtend.o /usr/lib/gcc/x86_64-linux-gnu/5/../../../../lib32/crtn.o]
    arg [/usr/lib/gcc/x86_64-linux-gnu/5/collect2] ==> ignore
    arg [-plugin] ==> ignore
    arg [/usr/lib/gcc/x86_64-linux-gnu/5/liblto_plugin.so] ==> ignore
    arg [-plugin-opt=/usr/lib/gcc/x86_64-linux-gnu/5/lto-wrapper] ==> ignore
    arg [-plugin-opt=-fresolution=/tmp/ccqS9CaI.res] ==> ignore
    arg [-plugin-opt=-pass-through=-lgcc] ==> ignore
    arg [-plugin-opt=-pass-through=-lgcc_s] ==> ignore
    arg [-plugin-opt=-pass-through=-lc] ==> ignore
    arg [-plugin-opt=-pass-through=-lgcc] ==> ignore
    arg [-plugin-opt=-pass-through=-lgcc_s] ==> ignore
    arg [--sysroot=/] ==> ignore
    arg [--build-id] ==> ignore
    arg [--eh-frame-hdr] ==> ignore
    arg [-m] ==> ignore
    arg [elf_i386] ==> ignore
    arg [--hash-style=gnu] ==> ignore
    arg [--as-needed] ==> ignore
    arg [-dynamic-linker] ==> ignore
    arg [/lib/ld-linux.so.2] ==> ignore
    arg [-zrelro] ==> ignore
    arg [-o] ==> ignore
    arg [cmTC_5657a] ==> ignore
    arg [/usr/lib/gcc/x86_64-linux-gnu/5/../../../../lib32/crt1.o] ==> ignore
    arg [/usr/lib/gcc/x86_64-linux-gnu/5/../../../../lib32/crti.o] ==> ignore
    arg [/usr/lib/gcc/x86_64-linux-gnu/5/32/crtbegin.o] ==> ignore
    arg [-L/usr/lib/gcc/x86_64-linux-gnu/5/32] ==> dir [/usr/lib/gcc/x86_64-linux-gnu/5/32]
    arg [-L/usr/lib/gcc/x86_64-linux-gnu/5/../../../i386-linux-gnu] ==> dir [/usr/lib/gcc/x86_64-linux-gnu/5/../../../i386-linux-gnu]
    arg [-L/usr/lib/gcc/x86_64-linux-gnu/5/../../../../lib32] ==> dir [/usr/lib/gcc/x86_64-linux-gnu/5/../../../../lib32]
    arg [-L/lib/../lib32] ==> dir [/lib/../lib32]
    arg [-L/usr/lib/i386-linux-gnu] ==> dir [/usr/lib/i386-linux-gnu]
    arg [-L/usr/lib/../lib32] ==> dir [/usr/lib/../lib32]
    arg [-L/usr/lib/gcc/x86_64-linux-gnu/5] ==> dir [/usr/lib/gcc/x86_64-linux-gnu/5]
    arg [-L/usr/lib/gcc/x86_64-linux-gnu/5/../../../i386-linux-gnu] ==> dir [/usr/lib/gcc/x86_64-linux-gnu/5/../../../i386-linux-gnu]
    arg [-L/usr/lib/gcc/x86_64-linux-gnu/5/../../..] ==> dir [/usr/lib/gcc/x86_64-linux-gnu/5/../../..]
    arg [-L/usr/lib/i386-linux-gnu] ==> dir [/usr/lib/i386-linux-gnu]
    arg [CMakeFiles/cmTC_5657a.dir/CMakeCCompilerABI.c.o] ==> ignore
    arg [-lgcc] ==> lib [gcc]
    arg [--as-needed] ==> ignore
    arg [-lgcc_s] ==> lib [gcc_s]
    arg [--no-as-needed] ==> ignore
    arg [-lc] ==> lib [c]
    arg [-lgcc] ==> lib [gcc]
    arg [--as-needed] ==> ignore
    arg [-lgcc_s] ==> lib [gcc_s]
    arg [--no-as-needed] ==> ignore
    arg [/usr/lib/gcc/x86_64-linux-gnu/5/32/crtend.o] ==> ignore
    arg [/usr/lib/gcc/x86_64-linux-gnu/5/../../../../lib32/crtn.o] ==> ignore
  collapse library dir [/usr/lib/gcc/x86_64-linux-gnu/5/32] ==> [/usr/lib/gcc/x86_64-linux-gnu/5/32]
  collapse library dir [/usr/lib/gcc/x86_64-linux-gnu/5/../../../i386-linux-gnu] ==> [/usr/lib/i386-linux-gnu]
  collapse library dir [/usr/lib/gcc/x86_64-linux-gnu/5/../../../../lib32] ==> [/usr/lib32]
  collapse library dir [/lib/../lib32] ==> [/lib32]
  collapse library dir [/usr/lib/i386-linux-gnu] ==> [/usr/lib/i386-linux-gnu]
  collapse library dir [/usr/lib/../lib32] ==> [/usr/lib32]
  collapse library dir [/usr/lib/gcc/x86_64-linux-gnu/5] ==> [/usr/lib/gcc/x86_64-linux-gnu/5]
  collapse library dir [/usr/lib/gcc/x86_64-linux-gnu/5/../../../i386-linux-gnu] ==> [/usr/lib/i386-linux-gnu]
  collapse library dir [/usr/lib/gcc/x86_64-linux-gnu/5/../../..] ==> [/usr/lib]
  collapse library dir [/usr/lib/i386-linux-gnu] ==> [/usr/lib/i386-linux-gnu]
  implicit libs: [gcc;gcc_s;c;gcc;gcc_s]
  implicit dirs: [/usr/lib/gcc/x86_64-linux-gnu/5/32;/usr/lib/i386-linux-gnu;/usr/lib32;/lib32;/usr/lib/gcc/x86_64-linux-gnu/5;/usr/lib]
  implicit fwks: []




Detecting C [-std=c11] compiler features compiled with the following output:
Change Dir: /home/kumquat/dynamorio/build32/CMakeFiles/CMakeTmp

Run Build Command:"/usr/bin/make" "cmTC_13666/fast"
/usr/bin/make -f CMakeFiles/cmTC_13666.dir/build.make CMakeFiles/cmTC_13666.dir/build
make[1]: Entering directory '/home/kumquat/dynamorio/build32/CMakeFiles/CMakeTmp'
Building C object CMakeFiles/cmTC_13666.dir/feature_tests.c.o
/usr/bin/cc   -m32    -std=c11 -o CMakeFiles/cmTC_13666.dir/feature_tests.c.o   -c /home/kumquat/dynamorio/build32/CMakeFiles/feature_tests.c
Linking C executable cmTC_13666
/usr/local/bin/cmake -E cmake_link_script CMakeFiles/cmTC_13666.dir/link.txt --verbose=1
/usr/bin/cc -m32     CMakeFiles/cmTC_13666.dir/feature_tests.c.o  -o cmTC_13666 
make[1]: Leaving directory '/home/kumquat/dynamorio/build32/CMakeFiles/CMakeTmp'


    Feature record: C_FEATURE:1c_function_prototypes
    Feature record: C_FEATURE:1c_restrict
    Feature record: C_FEATURE:1c_static_assert
    Feature record: C_FEATURE:1c_variadic_macros


Detecting C [-std=c99] compiler features compiled with the following output:
Change Dir: /home/kumquat/dynamorio/build32/CMakeFiles/CMakeTmp

Run Build Command:"/usr/bin/make" "cmTC_5a655/fast"
/usr/bin/make -f CMakeFiles/cmTC_5a655.dir/build.make CMakeFiles/cmTC_5a655.dir/build
make[1]: Entering directory '/home/kumquat/dynamorio/build32/CMakeFiles/CMakeTmp'
Building C object CMakeFiles/cmTC_5a655.dir/feature_tests.c.o
/usr/bin/cc   -m32    -std=c99 -o CMakeFiles/cmTC_5a655.dir/feature_tests.c.o   -c /home/kumquat/dynamorio/build32/CMakeFiles/feature_tests.c
Linking C executable cmTC_5a655
/usr/local/bin/cmake -E cmake_link_script CMakeFiles/cmTC_5a655.dir/link.txt --verbose=1
/usr/bin/cc -m32     CMakeFiles/cmTC_5a655.dir/feature_tests.c.o  -o cmTC_5a655 
make[1]: Leaving directory '/home/kumquat/dynamorio/build32/CMakeFiles/CMakeTmp'


    Feature record: C_FEATURE:1c_function_prototypes
    Feature record: C_FEATURE:1c_restrict
    Feature record: C_FEATURE:0c_static_assert
    Feature record: C_FEATURE:1c_variadic_macros


Detecting C [-std=c90] compiler features compiled with the following output:
Change Dir: /home/kumquat/dynamorio/build32/CMakeFiles/CMakeTmp

Run Build Command:"/usr/bin/make" "cmTC_e9a5a/fast"
/usr/bin/make -f CMakeFiles/cmTC_e9a5a.dir/build.make CMakeFiles/cmTC_e9a5a.dir/build
make[1]: Entering directory '/home/kumquat/dynamorio/build32/CMakeFiles/CMakeTmp'
Building C object CMakeFiles/cmTC_e9a5a.dir/feature_tests.c.o
/usr/bin/cc   -m32    -std=c90 -o CMakeFiles/cmTC_e9a5a.dir/feature_tests.c.o   -c /home/kumquat/dynamorio/build32/CMakeFiles/feature_tests.c
Linking C executable cmTC_e9a5a
/usr/local/bin/cmake -E cmake_link_script CMakeFiles/cmTC_e9a5a.dir/link.txt --verbose=1
/usr/bin/cc -m32     CMakeFiles/cmTC_e9a5a.dir/feature_tests.c.o  -o cmTC_e9a5a 
make[1]: Leaving directory '/home/kumquat/dynamorio/build32/CMakeFiles/CMakeTmp'


    Feature record: C_FEATURE:1c_function_prototypes
    Feature record: C_FEATURE:0c_restrict
    Feature record: C_FEATURE:0c_static_assert
    Feature record: C_FEATURE:0c_variadic_macros
Compiling the CXX compiler identification source file "CMakeCXXCompilerId.cpp" succeeded.
Compiler: /usr/bin/c++ 
Build flags: -m32
Id flags:  

The output was:
0


Compilation of the CXX compiler identification source "CMakeCXXCompilerId.cpp" produced "a.out"

The CXX compiler identification is GNU, found in "/home/kumquat/dynamorio/build32/CMakeFiles/3.9.2/CompilerIdCXX/a.out"

Determining if the CXX compiler works passed with the following output:
Change Dir: /home/kumquat/dynamorio/build32/CMakeFiles/CMakeTmp

Run Build Command:"/usr/bin/make" "cmTC_87f43/fast"
/usr/bin/make -f CMakeFiles/cmTC_87f43.dir/build.make CMakeFiles/cmTC_87f43.dir/build
make[1]: Entering directory '/home/kumquat/dynamorio/build32/CMakeFiles/CMakeTmp'
Building CXX object CMakeFiles/cmTC_87f43.dir/testCXXCompiler.cxx.o
/usr/bin/c++    -m32    -o CMakeFiles/cmTC_87f43.dir/testCXXCompiler.cxx.o -c /home/kumquat/dynamorio/build32/CMakeFiles/CMakeTmp/testCXXCompiler.cxx
Linking CXX executable cmTC_87f43
/usr/local/bin/cmake -E cmake_link_script CMakeFiles/cmTC_87f43.dir/link.txt --verbose=1
/usr/bin/c++  -m32     CMakeFiles/cmTC_87f43.dir/testCXXCompiler.cxx.o  -o cmTC_87f43 
make[1]: Leaving directory '/home/kumquat/dynamorio/build32/CMakeFiles/CMakeTmp'


Detecting CXX compiler ABI info compiled with the following output:
Change Dir: /home/kumquat/dynamorio/build32/CMakeFiles/CMakeTmp

Run Build Command:"/usr/bin/make" "cmTC_6adf5/fast"
/usr/bin/make -f CMakeFiles/cmTC_6adf5.dir/build.make CMakeFiles/cmTC_6adf5.dir/build
make[1]: Entering directory '/home/kumquat/dynamorio/build32/CMakeFiles/CMakeTmp'
Building CXX object CMakeFiles/cmTC_6adf5.dir/CMakeCXXCompilerABI.cpp.o
/usr/bin/c++    -m32    -o CMakeFiles/cmTC_6adf5.dir/CMakeCXXCompilerABI.cpp.o -c /usr/local/share/cmake-3.9/Modules/CMakeCXXCompilerABI.cpp
Linking CXX executable cmTC_6adf5
/usr/local/bin/cmake -E cmake_link_script CMakeFiles/cmTC_6adf5.dir/link.txt --verbose=1
/usr/bin/c++  -m32    -v CMakeFiles/cmTC_6adf5.dir/CMakeCXXCompilerABI.cpp.o  -o cmTC_6adf5 
Using built-in specs.
COLLECT_GCC=/usr/bin/c++
COLLECT_LTO_WRAPPER=/usr/lib/gcc/x86_64-linux-gnu/5/lto-wrapper
Target: x86_64-linux-gnu
Configured with: ../src/configure -v --with-pkgversion='Ubuntu 5.4.0-6ubuntu1~16.04.12' --with-bugurl=file:///usr/share/doc/gcc-5/README.Bugs --enable-languages=c,ada,c++,java,go,d,fortran,objc,obj-c++ --prefix=/usr --program-suffix=-5 --enable-shared --enable-linker-build-id --libexecdir=/usr/lib --without-included-gettext --enable-threads=posix --libdir=/usr/lib --enable-nls --with-sysroot=/ --enable-clocale=gnu --enable-libstdcxx-debug --enable-libstdcxx-time=yes --with-default-libstdcxx-abi=new --enable-gnu-unique-object --disable-vtable-verify --enable-libmpx --enable-plugin --with-system-zlib --disable-browser-plugin --enable-java-awt=gtk --enable-gtk-cairo --with-java-home=/usr/lib/jvm/java-1.5.0-gcj-5-amd64/jre --enable-java-home --with-jvm-root-dir=/usr/lib/jvm/java-1.5.0-gcj-5-amd64 --with-jvm-jar-dir=/usr/lib/jvm-exports/java-1.5.0-gcj-5-amd64 --with-arch-directory=amd64 --with-ecj-jar=/usr/share/java/eclipse-ecj.jar --enable-objc-gc --enable-multiarch --disable-werror --with-arch-32=i686 --with-abi=m64 --with-multilib-list=m32,m64,mx32 --enable-multilib --with-tune=generic --enable-checking=release --build=x86_64-linux-gnu --host=x86_64-linux-gnu --target=x86_64-linux-gnu
Thread model: posix
gcc version 5.4.0 20160609 (Ubuntu 5.4.0-6ubuntu1~16.04.12) 
COMPILER_PATH=/usr/lib/gcc/x86_64-linux-gnu/5/:/usr/lib/gcc/x86_64-linux-gnu/5/:/usr/lib/gcc/x86_64-linux-gnu/:/usr/lib/gcc/x86_64-linux-gnu/5/:/usr/lib/gcc/x86_64-linux-gnu/
LIBRARY_PATH=/usr/lib/gcc/x86_64-linux-gnu/5/32/:/usr/lib/gcc/x86_64-linux-gnu/5/../../../i386-linux-gnu/:/usr/lib/gcc/x86_64-linux-gnu/5/../../../../lib32/:/lib/../lib32/:/usr/lib/i386-linux-gnu/:/usr/lib/../lib32/:/usr/lib/gcc/x86_64-linux-gnu/5/:/usr/lib/gcc/x86_64-linux-gnu/5/../../../i386-linux-gnu/:/usr/lib/gcc/x86_64-linux-gnu/5/../../../:/lib/:/usr/lib/i386-linux-gnu/:/usr/lib/
COLLECT_GCC_OPTIONS='-m32' '-v' '-o' 'cmTC_6adf5' '-shared-libgcc' '-mtune=generic' '-march=i686'
 /usr/lib/gcc/x86_64-linux-gnu/5/collect2 -plugin /usr/lib/gcc/x86_64-linux-gnu/5/liblto_plugin.so -plugin-opt=/usr/lib/gcc/x86_64-linux-gnu/5/lto-wrapper -plugin-opt=-fresolution=/tmp/ccGNEczl.res -plugin-opt=-pass-through=-lgcc_s -plugin-opt=-pass-through=-lgcc -plugin-opt=-pass-through=-lc -plugin-opt=-pass-through=-lgcc_s -plugin-opt=-pass-through=-lgcc --sysroot=/ --build-id --eh-frame-hdr -m elf_i386 --hash-style=gnu --as-needed -dynamic-linker /lib/ld-linux.so.2 -z relro -o cmTC_6adf5 /usr/lib/gcc/x86_64-linux-gnu/5/../../../../lib32/crt1.o /usr/lib/gcc/x86_64-linux-gnu/5/../../../../lib32/crti.o /usr/lib/gcc/x86_64-linux-gnu/5/32/crtbegin.o -L/usr/lib/gcc/x86_64-linux-gnu/5/32 -L/usr/lib/gcc/x86_64-linux-gnu/5/../../../i386-linux-gnu -L/usr/lib/gcc/x86_64-linux-gnu/5/../../../../lib32 -L/lib/../lib32 -L/usr/lib/i386-linux-gnu -L/usr/lib/../lib32 -L/usr/lib/gcc/x86_64-linux-gnu/5 -L/usr/lib/gcc/x86_64-linux-gnu/5/../../../i386-linux-gnu -L/usr/lib/gcc/x86_64-linux-gnu/5/../../.. -L/usr/lib/i386-linux-gnu CMakeFiles/cmTC_6adf5.dir/CMakeCXXCompilerABI.cpp.o -lstdc++ -lm -lgcc_s -lgcc -lc -lgcc_s -lgcc /usr/lib/gcc/x86_64-linux-gnu/5/32/crtend.o /usr/lib/gcc/x86_64-linux-gnu/5/../../../../lib32/crtn.o
make[1]: Leaving directory '/home/kumquat/dynamorio/build32/CMakeFiles/CMakeTmp'


Parsed CXX implicit link information from above output:
  link line regex: [^( *|.*[/\])(ld|CMAKE_LINK_STARTFILE-NOTFOUND|([^/\]+-)?ld|collect2)[^/\]*( |$)]
  ignore line: [Change Dir: /home/kumquat/dynamorio/build32/CMakeFiles/CMakeTmp]
  ignore line: []
  ignore line: [Run Build Command:"/usr/bin/make" "cmTC_6adf5/fast"]
  ignore line: [/usr/bin/make -f CMakeFiles/cmTC_6adf5.dir/build.make CMakeFiles/cmTC_6adf5.dir/build]
  ignore line: [make[1]: Entering directory '/home/kumquat/dynamorio/build32/CMakeFiles/CMakeTmp']
  ignore line: [Building CXX object CMakeFiles/cmTC_6adf5.dir/CMakeCXXCompilerABI.cpp.o]
  ignore line: [/usr/bin/c++    -m32    -o CMakeFiles/cmTC_6adf5.dir/CMakeCXXCompilerABI.cpp.o -c /usr/local/share/cmake-3.9/Modules/CMakeCXXCompilerABI.cpp]
  ignore line: [Linking CXX executable cmTC_6adf5]
  ignore line: [/usr/local/bin/cmake -E cmake_link_script CMakeFiles/cmTC_6adf5.dir/link.txt --verbose=1]
  ignore line: [/usr/bin/c++  -m32    -v CMakeFiles/cmTC_6adf5.dir/CMakeCXXCompilerABI.cpp.o  -o cmTC_6adf5 ]
  ignore line: [Using built-in specs.]
  ignore line: [COLLECT_GCC=/usr/bin/c++]
  ignore line: [COLLECT_LTO_WRAPPER=/usr/lib/gcc/x86_64-linux-gnu/5/lto-wrapper]
  ignore line: [Target: x86_64-linux-gnu]
  ignore line: [Configured with: ../src/configure -v --with-pkgversion='Ubuntu 5.4.0-6ubuntu1~16.04.12' --with-bugurl=file:///usr/share/doc/gcc-5/README.Bugs --enable-languages=c,ada,c++,java,go,d,fortran,objc,obj-c++ --prefix=/usr --program-suffix=-5 --enable-shared --enable-linker-build-id --libexecdir=/usr/lib --without-included-gettext --enable-threads=posix --libdir=/usr/lib --enable-nls --with-sysroot=/ --enable-clocale=gnu --enable-libstdcxx-debug --enable-libstdcxx-time=yes --with-default-libstdcxx-abi=new --enable-gnu-unique-object --disable-vtable-verify --enable-libmpx --enable-plugin --with-system-zlib --disable-browser-plugin --enable-java-awt=gtk --enable-gtk-cairo --with-java-home=/usr/lib/jvm/java-1.5.0-gcj-5-amd64/jre --enable-java-home --with-jvm-root-dir=/usr/lib/jvm/java-1.5.0-gcj-5-amd64 --with-jvm-jar-dir=/usr/lib/jvm-exports/java-1.5.0-gcj-5-amd64 --with-arch-directory=amd64 --with-ecj-jar=/usr/share/java/eclipse-ecj.jar --enable-objc-gc --enable-multiarch --disable-werror --with-arch-32=i686 --with-abi=m64 --with-multilib-list=m32,m64,mx32 --enable-multilib --with-tune=generic --enable-checking=release --build=x86_64-linux-gnu --host=x86_64-linux-gnu --target=x86_64-linux-gnu]
  ignore line: [Thread model: posix]
  ignore line: [gcc version 5.4.0 20160609 (Ubuntu 5.4.0-6ubuntu1~16.04.12) ]
  ignore line: [COMPILER_PATH=/usr/lib/gcc/x86_64-linux-gnu/5/:/usr/lib/gcc/x86_64-linux-gnu/5/:/usr/lib/gcc/x86_64-linux-gnu/:/usr/lib/gcc/x86_64-linux-gnu/5/:/usr/lib/gcc/x86_64-linux-gnu/]
  ignore line: [LIBRARY_PATH=/usr/lib/gcc/x86_64-linux-gnu/5/32/:/usr/lib/gcc/x86_64-linux-gnu/5/../../../i386-linux-gnu/:/usr/lib/gcc/x86_64-linux-gnu/5/../../../../lib32/:/lib/../lib32/:/usr/lib/i386-linux-gnu/:/usr/lib/../lib32/:/usr/lib/gcc/x86_64-linux-gnu/5/:/usr/lib/gcc/x86_64-linux-gnu/5/../../../i386-linux-gnu/:/usr/lib/gcc/x86_64-linux-gnu/5/../../../:/lib/:/usr/lib/i386-linux-gnu/:/usr/lib/]
  ignore line: [COLLECT_GCC_OPTIONS='-m32' '-v' '-o' 'cmTC_6adf5' '-shared-libgcc' '-mtune=generic' '-march=i686']
  link line: [ /usr/lib/gcc/x86_64-linux-gnu/5/collect2 -plugin /usr/lib/gcc/x86_64-linux-gnu/5/liblto_plugin.so -plugin-opt=/usr/lib/gcc/x86_64-linux-gnu/5/lto-wrapper -plugin-opt=-fresolution=/tmp/ccGNEczl.res -plugin-opt=-pass-through=-lgcc_s -plugin-opt=-pass-through=-lgcc -plugin-opt=-pass-through=-lc -plugin-opt=-pass-through=-lgcc_s -plugin-opt=-pass-through=-lgcc --sysroot=/ --build-id --eh-frame-hdr -m elf_i386 --hash-style=gnu --as-needed -dynamic-linker /lib/ld-linux.so.2 -z relro -o cmTC_6adf5 /usr/lib/gcc/x86_64-linux-gnu/5/../../../../lib32/crt1.o /usr/lib/gcc/x86_64-linux-gnu/5/../../../../lib32/crti.o /usr/lib/gcc/x86_64-linux-gnu/5/32/crtbegin.o -L/usr/lib/gcc/x86_64-linux-gnu/5/32 -L/usr/lib/gcc/x86_64-linux-gnu/5/../../../i386-linux-gnu -L/usr/lib/gcc/x86_64-linux-gnu/5/../../../../lib32 -L/lib/../lib32 -L/usr/lib/i386-linux-gnu -L/usr/lib/../lib32 -L/usr/lib/gcc/x86_64-linux-gnu/5 -L/usr/lib/gcc/x86_64-linux-gnu/5/../../../i386-linux-gnu -L/usr/lib/gcc/x86_64-linux-gnu/5/../../.. -L/usr/lib/i386-linux-gnu CMakeFiles/cmTC_6adf5.dir/CMakeCXXCompilerABI.cpp.o -lstdc++ -lm -lgcc_s -lgcc -lc -lgcc_s -lgcc /usr/lib/gcc/x86_64-linux-gnu/5/32/crtend.o /usr/lib/gcc/x86_64-linux-gnu/5/../../../../lib32/crtn.o]
    arg [/usr/lib/gcc/x86_64-linux-gnu/5/collect2] ==> ignore
    arg [-plugin] ==> ignore
    arg [/usr/lib/gcc/x86_64-linux-gnu/5/liblto_plugin.so] ==> ignore
    arg [-plugin-opt=/usr/lib/gcc/x86_64-linux-gnu/5/lto-wrapper] ==> ignore
    arg [-plugin-opt=-fresolution=/tmp/ccGNEczl.res] ==> ignore
    arg [-plugin-opt=-pass-through=-lgcc_s] ==> ignore
    arg [-plugin-opt=-pass-through=-lgcc] ==> ignore
    arg [-plugin-opt=-pass-through=-lc] ==> ignore
    arg [-plugin-opt=-pass-through=-lgcc_s] ==> ignore
    arg [-plugin-opt=-pass-through=-lgcc] ==> ignore
    arg [--sysroot=/] ==> ignore
    arg [--build-id] ==> ignore
    arg [--eh-frame-hdr] ==> ignore
    arg [-m] ==> ignore
    arg [elf_i386] ==> ignore
    arg [--hash-style=gnu] ==> ignore
    arg [--as-needed] ==> ignore
    arg [-dynamic-linker] ==> ignore
    arg [/lib/ld-linux.so.2] ==> ignore
    arg [-zrelro] ==> ignore
    arg [-o] ==> ignore
    arg [cmTC_6adf5] ==> ignore
    arg [/usr/lib/gcc/x86_64-linux-gnu/5/../../../../lib32/crt1.o] ==> ignore
    arg [/usr/lib/gcc/x86_64-linux-gnu/5/../../../../lib32/crti.o] ==> ignore
    arg [/usr/lib/gcc/x86_64-linux-gnu/5/32/crtbegin.o] ==> ignore
    arg [-L/usr/lib/gcc/x86_64-linux-gnu/5/32] ==> dir [/usr/lib/gcc/x86_64-linux-gnu/5/32]
    arg [-L/usr/lib/gcc/x86_64-linux-gnu/5/../../../i386-linux-gnu] ==> dir [/usr/lib/gcc/x86_64-linux-gnu/5/../../../i386-linux-gnu]
    arg [-L/usr/lib/gcc/x86_64-linux-gnu/5/../../../../lib32] ==> dir [/usr/lib/gcc/x86_64-linux-gnu/5/../../../../lib32]
    arg [-L/lib/../lib32] ==> dir [/lib/../lib32]
    arg [-L/usr/lib/i386-linux-gnu] ==> dir [/usr/lib/i386-linux-gnu]
    arg [-L/usr/lib/../lib32] ==> dir [/usr/lib/../lib32]
    arg [-L/usr/lib/gcc/x86_64-linux-gnu/5] ==> dir [/usr/lib/gcc/x86_64-linux-gnu/5]
    arg [-L/usr/lib/gcc/x86_64-linux-gnu/5/../../../i386-linux-gnu] ==> dir [/usr/lib/gcc/x86_64-linux-gnu/5/../../../i386-linux-gnu]
    arg [-L/usr/lib/gcc/x86_64-linux-gnu/5/../../..] ==> dir [/usr/lib/gcc/x86_64-linux-gnu/5/../../..]
    arg [-L/usr/lib/i386-linux-gnu] ==> dir [/usr/lib/i386-linux-gnu]
    arg [CMakeFiles/cmTC_6adf5.dir/CMakeCXXCompilerABI.cpp.o] ==> ignore
    arg [-lstdc++] ==> lib [stdc++]
    arg [-lm] ==> lib [m]
    arg [-lgcc_s] ==> lib [gcc_s]
    arg [-lgcc] ==> lib [gcc]
    arg [-lc] ==> lib [c]
    arg [-lgcc_s] ==> lib [gcc_s]
    arg [-lgcc] ==> lib [gcc]
    arg [/usr/lib/gcc/x86_64-linux-gnu/5/32/crtend.o] ==> ignore
    arg [/usr/lib/gcc/x86_64-linux-gnu/5/../../../../lib32/crtn.o] ==> ignore
  collapse library dir [/usr/lib/gcc/x86_64-linux-gnu/5/32] ==> [/usr/lib/gcc/x86_64-linux-gnu/5/32]
  collapse library dir [/usr/lib/gcc/x86_64-linux-gnu/5/../../../i386-linux-gnu] ==> [/usr/lib/i386-linux-gnu]
  collapse library dir [/usr/lib/gcc/x86_64-linux-gnu/5/../../../../lib32] ==> [/usr/lib32]
  collapse library dir [/lib/../lib32] ==> [/lib32]
  collapse library dir [/usr/lib/i386-linux-gnu] ==> [/usr/lib/i386-linux-gnu]
  collapse library dir [/usr/lib/../lib32] ==> [/usr/lib32]
  collapse library dir [/usr/lib/gcc/x86_64-linux-gnu/5] ==> [/usr/lib/gcc/x86_64-linux-gnu/5]
  collapse library dir [/usr/lib/gcc/x86_64-linux-gnu/5/../../../i386-linux-gnu] ==> [/usr/lib/i386-linux-gnu]
  collapse library dir [/usr/lib/gcc/x86_64-linux-gnu/5/../../..] ==> [/usr/lib]
  collapse library dir [/usr/lib/i386-linux-gnu] ==> [/usr/lib/i386-linux-gnu]
  implicit libs: [stdc++;m;gcc_s;gcc;c;gcc_s;gcc]
  implicit dirs: [/usr/lib/gcc/x86_64-linux-gnu/5/32;/usr/lib/i386-linux-gnu;/usr/lib32;/lib32;/usr/lib/gcc/x86_64-linux-gnu/5;/usr/lib]
  implicit fwks: []




Detecting CXX [-std=c++1z] compiler features compiled with the following output:
Change Dir: /home/kumquat/dynamorio/build32/CMakeFiles/CMakeTmp

Run Build Command:"/usr/bin/make" "cmTC_9ac88/fast"
/usr/bin/make -f CMakeFiles/cmTC_9ac88.dir/build.make CMakeFiles/cmTC_9ac88.dir/build
make[1]: Entering directory '/home/kumquat/dynamorio/build32/CMakeFiles/CMakeTmp'
Building CXX object CMakeFiles/cmTC_9ac88.dir/feature_tests.cxx.o
/usr/bin/c++    -m32    -std=c++1z -o CMakeFiles/cmTC_9ac88.dir/feature_tests.cxx.o -c /home/kumquat/dynamorio/build32/CMakeFiles/feature_tests.cxx
Linking CXX executable cmTC_9ac88
/usr/local/bin/cmake -E cmake_link_script CMakeFiles/cmTC_9ac88.dir/link.txt --verbose=1
/usr/bin/c++  -m32     CMakeFiles/cmTC_9ac88.dir/feature_tests.cxx.o  -o cmTC_9ac88 
make[1]: Leaving directory '/home/kumquat/dynamorio/build32/CMakeFiles/CMakeTmp'


    Feature record: CXX_FEATURE:1cxx_aggregate_default_initializers
    Feature record: CXX_FEATURE:1cxx_alias_templates
    Feature record: CXX_FEATURE:1cxx_alignas
    Feature record: CXX_FEATURE:1cxx_alignof
    Feature record: CXX_FEATURE:1cxx_attributes
    Feature record: CXX_FEATURE:1cxx_attribute_deprecated
    Feature record: CXX_FEATURE:1cxx_auto_type
    Feature record: CXX_FEATURE:1cxx_binary_literals
    Feature record: CXX_FEATURE:1cxx_constexpr
    Feature record: CXX_FEATURE:1cxx_contextual_conversions
    Feature record: CXX_FEATURE:1cxx_decltype
    Feature record: CXX_FEATURE:1cxx_decltype_auto
    Feature record: CXX_FEATURE:1cxx_decltype_incomplete_return_types
    Feature record: CXX_FEATURE:1cxx_default_function_template_args
    Feature record: CXX_FEATURE:1cxx_defaulted_functions
    Feature record: CXX_FEATURE:1cxx_defaulted_move_initializers
    Feature record: CXX_FEATURE:1cxx_delegating_constructors
    Feature record: CXX_FEATURE:1cxx_deleted_functions
    Feature record: CXX_FEATURE:1cxx_digit_separators
    Feature record: CXX_FEATURE:1cxx_enum_forward_declarations
    Feature record: CXX_FEATURE:1cxx_explicit_conversions
    Feature record: CXX_FEATURE:1cxx_extended_friend_declarations
    Feature record: CXX_FEATURE:1cxx_extern_templates
    Feature record: CXX_FEATURE:1cxx_final
    Feature record: CXX_FEATURE:1cxx_func_identifier
    Feature record: CXX_FEATURE:1cxx_generalized_initializers
    Feature record: CXX_FEATURE:1cxx_generic_lambdas
    Feature record: CXX_FEATURE:1cxx_inheriting_constructors
    Feature record: CXX_FEATURE:1cxx_inline_namespaces
    Feature record: CXX_FEATURE:1cxx_lambdas
    Feature record: CXX_FEATURE:1cxx_lambda_init_captures
    Feature record: CXX_FEATURE:1cxx_local_type_template_args
    Feature record: CXX_FEATURE:1cxx_long_long_type
    Feature record: CXX_FEATURE:1cxx_noexcept
    Feature record: CXX_FEATURE:1cxx_nonstatic_member_init
    Feature record: CXX_FEATURE:1cxx_nullptr
    Feature record: CXX_FEATURE:1cxx_override
    Feature record: CXX_FEATURE:1cxx_range_for
    Feature record: CXX_FEATURE:1cxx_raw_string_literals
    Feature record: CXX_FEATURE:1cxx_reference_qualified_functions
    Feature record: CXX_FEATURE:1cxx_relaxed_constexpr
    Feature record: CXX_FEATURE:1cxx_return_type_deduction
    Feature record: CXX_FEATURE:1cxx_right_angle_brackets
    Feature record: CXX_FEATURE:1cxx_rvalue_references
    Feature record: CXX_FEATURE:1cxx_sizeof_member
    Feature record: CXX_FEATURE:1cxx_static_assert
    Feature record: CXX_FEATURE:1cxx_strong_enums
    Feature record: CXX_FEATURE:1cxx_template_template_parameters
    Feature record: CXX_FEATURE:1cxx_thread_local
    Feature record: CXX_FEATURE:1cxx_trailing_return_types
    Feature record: CXX_FEATURE:1cxx_unicode_literals
    Feature record: CXX_FEATURE:1cxx_uniform_initialization
    Feature record: CXX_FEATURE:1cxx_unrestricted_unions
    Feature record: CXX_FEATURE:1cxx_user_literals
    Feature record: CXX_FEATURE:1cxx_variable_templates
    Feature record: CXX_FEATURE:1cxx_variadic_macros
    Feature record: CXX_FEATURE:1cxx_variadic_templates


Detecting CXX [-std=c++14] compiler features compiled with the following output:
Change Dir: /home/kumquat/dynamorio/build32/CMakeFiles/CMakeTmp

Run Build Command:"/usr/bin/make" "cmTC_c8e1f/fast"
/usr/bin/make -f CMakeFiles/cmTC_c8e1f.dir/build.make CMakeFiles/cmTC_c8e1f.dir/build
make[1]: Entering directory '/home/kumquat/dynamorio/build32/CMakeFiles/CMakeTmp'
Building CXX object CMakeFiles/cmTC_c8e1f.dir/feature_tests.cxx.o
/usr/bin/c++    -m32    -std=c++14 -o CMakeFiles/cmTC_c8e1f.dir/feature_tests.cxx.o -c /home/kumquat/dynamorio/build32/CMakeFiles/feature_tests.cxx
Linking CXX executable cmTC_c8e1f
/usr/local/bin/cmake -E cmake_link_script CMakeFiles/cmTC_c8e1f.dir/link.txt --verbose=1
/usr/bin/c++  -m32     CMakeFiles/cmTC_c8e1f.dir/feature_tests.cxx.o  -o cmTC_c8e1f 
make[1]: Leaving directory '/home/kumquat/dynamorio/build32/CMakeFiles/CMakeTmp'


    Feature record: CXX_FEATURE:1cxx_aggregate_default_initializers
    Feature record: CXX_FEATURE:1cxx_alias_templates
    Feature record: CXX_FEATURE:1cxx_alignas
    Feature record: CXX_FEATURE:1cxx_alignof
    Feature record: CXX_FEATURE:1cxx_attributes
    Feature record: CXX_FEATURE:1cxx_attribute_deprecated
    Feature record: CXX_FEATURE:1cxx_auto_type
    Feature record: CXX_FEATURE:1cxx_binary_literals
    Feature record: CXX_FEATURE:1cxx_constexpr
    Feature record: CXX_FEATURE:1cxx_contextual_conversions
    Feature record: CXX_FEATURE:1cxx_decltype
    Feature record: CXX_FEATURE:1cxx_decltype_auto
    Feature record: CXX_FEATURE:1cxx_decltype_incomplete_return_types
    Feature record: CXX_FEATURE:1cxx_default_function_template_args
    Feature record: CXX_FEATURE:1cxx_defaulted_functions
    Feature record: CXX_FEATURE:1cxx_defaulted_move_initializers
    Feature record: CXX_FEATURE:1cxx_delegating_constructors
    Feature record: CXX_FEATURE:1cxx_deleted_functions
    Feature record: CXX_FEATURE:1cxx_digit_separators
    Feature record: CXX_FEATURE:1cxx_enum_forward_declarations
    Feature record: CXX_FEATURE:1cxx_explicit_conversions
    Feature record: CXX_FEATURE:1cxx_extended_friend_declarations
    Feature record: CXX_FEATURE:1cxx_extern_templates
    Feature record: CXX_FEATURE:1cxx_final
    Feature record: CXX_FEATURE:1cxx_func_identifier
    Feature record: CXX_FEATURE:1cxx_generalized_initializers
    Feature record: CXX_FEATURE:1cxx_generic_lambdas
    Feature record: CXX_FEATURE:1cxx_inheriting_constructors
    Feature record: CXX_FEATURE:1cxx_inline_namespaces
    Feature record: CXX_FEATURE:1cxx_lambdas
    Feature record: CXX_FEATURE:1cxx_lambda_init_captures
    Feature record: CXX_FEATURE:1cxx_local_type_template_args
    Feature record: CXX_FEATURE:1cxx_long_long_type
    Feature record: CXX_FEATURE:1cxx_noexcept
    Feature record: CXX_FEATURE:1cxx_nonstatic_member_init
    Feature record: CXX_FEATURE:1cxx_nullptr
    Feature record: CXX_FEATURE:1cxx_override
    Feature record: CXX_FEATURE:1cxx_range_for
    Feature record: CXX_FEATURE:1cxx_raw_string_literals
    Feature record: CXX_FEATURE:1cxx_reference_qualified_functions
    Feature record: CXX_FEATURE:1cxx_relaxed_constexpr
    Feature record: CXX_FEATURE:1cxx_return_type_deduction
    Feature record: CXX_FEATURE:1cxx_right_angle_brackets
    Feature record: CXX_FEATURE:1cxx_rvalue_references
    Feature record: CXX_FEATURE:1cxx_sizeof_member
    Feature record: CXX_FEATURE:1cxx_static_assert
    Feature record: CXX_FEATURE:1cxx_strong_enums
    Feature record: CXX_FEATURE:1cxx_template_template_parameters
    Feature record: CXX_FEATURE:1cxx_thread_local
    Feature record: CXX_FEATURE:1cxx_trailing_return_types
    Feature record: CXX_FEATURE:1cxx_unicode_literals
    Feature record: CXX_FEATURE:1cxx_uniform_initialization
    Feature record: CXX_FEATURE:1cxx_unrestricted_unions
    Feature record: CXX_FEATURE:1cxx_user_literals
    Feature record: CXX_FEATURE:1cxx_variable_templates
    Feature record: CXX_FEATURE:1cxx_variadic_macros
    Feature record: CXX_FEATURE:1cxx_variadic_templates


Detecting CXX [-std=c++11] compiler features compiled with the following output:
Change Dir: /home/kumquat/dynamorio/build32/CMakeFiles/CMakeTmp

Run Build Command:"/usr/bin/make" "cmTC_022dd/fast"
/usr/bin/make -f CMakeFiles/cmTC_022dd.dir/build.make CMakeFiles/cmTC_022dd.dir/build
make[1]: Entering directory '/home/kumquat/dynamorio/build32/CMakeFiles/CMakeTmp'
Building CXX object CMakeFiles/cmTC_022dd.dir/feature_tests.cxx.o
/usr/bin/c++    -m32    -std=c++11 -o CMakeFiles/cmTC_022dd.dir/feature_tests.cxx.o -c /home/kumquat/dynamorio/build32/CMakeFiles/feature_tests.cxx
Linking CXX executable cmTC_022dd
/usr/local/bin/cmake -E cmake_link_script CMakeFiles/cmTC_022dd.dir/link.txt --verbose=1
/usr/bin/c++  -m32     CMakeFiles/cmTC_022dd.dir/feature_tests.cxx.o  -o cmTC_022dd 
make[1]: Leaving directory '/home/kumquat/dynamorio/build32/CMakeFiles/CMakeTmp'


    Feature record: CXX_FEATURE:0cxx_aggregate_default_initializers
    Feature record: CXX_FEATURE:1cxx_alias_templates
    Feature record: CXX_FEATURE:1cxx_alignas
    Feature record: CXX_FEATURE:1cxx_alignof
    Feature record: CXX_FEATURE:1cxx_attributes
    Feature record: CXX_FEATURE:0cxx_attribute_deprecated
    Feature record: CXX_FEATURE:1cxx_auto_type
    Feature record: CXX_FEATURE:0cxx_binary_literals
    Feature record: CXX_FEATURE:1cxx_constexpr
    Feature record: CXX_FEATURE:0cxx_contextual_conversions
    Feature record: CXX_FEATURE:1cxx_decltype
    Feature record: CXX_FEATURE:0cxx_decltype_auto
    Feature record: CXX_FEATURE:1cxx_decltype_incomplete_return_types
    Feature record: CXX_FEATURE:1cxx_default_function_template_args
    Feature record: CXX_FEATURE:1cxx_defaulted_functions
    Feature record: CXX_FEATURE:1cxx_defaulted_move_initializers
    Feature record: CXX_FEATURE:1cxx_delegating_constructors
    Feature record: CXX_FEATURE:1cxx_deleted_functions
    Feature record: CXX_FEATURE:0cxx_digit_separators
    Feature record: CXX_FEATURE:1cxx_enum_forward_declarations
    Feature record: CXX_FEATURE:1cxx_explicit_conversions
    Feature record: CXX_FEATURE:1cxx_extended_friend_declarations
    Feature record: CXX_FEATURE:1cxx_extern_templates
    Feature record: CXX_FEATURE:1cxx_final
    Feature record: CXX_FEATURE:1cxx_func_identifier
    Feature record: CXX_FEATURE:1cxx_generalized_initializers
    Feature record: CXX_FEATURE:0cxx_generic_lambdas
    Feature record: CXX_FEATURE:1cxx_inheriting_constructors
    Feature record: CXX_FEATURE:1cxx_inline_namespaces
    Feature record: CXX_FEATURE:1cxx_lambdas
    Feature record: CXX_FEATURE:0cxx_lambda_init_captures
    Feature record: CXX_FEATURE:1cxx_local_type_template_args
    Feature record: CXX_FEATURE:1cxx_long_long_type
    Feature record: CXX_FEATURE:1cxx_noexcept
    Feature record: CXX_FEATURE:1cxx_nonstatic_member_init
    Feature record: CXX_FEATURE:1cxx_nullptr
    Feature record: CXX_FEATURE:1cxx_override
    Feature record: CXX_FEATURE:1cxx_range_for
    Feature record: CXX_FEATURE:1cxx_raw_string_literals
    Feature record: CXX_FEATURE:1cxx_reference_qualified_functions
    Feature record: CXX_FEATURE:0cxx_relaxed_constexpr
    Feature record: CXX_FEATURE:0cxx_return_type_deduction
    Feature record: CXX_FEATURE:1cxx_right_angle_brackets
    Feature record: CXX_FEATURE:1cxx_rvalue_references
    Feature record: CXX_FEATURE:1cxx_sizeof_member
    Feature record: CXX_FEATURE:1cxx_static_assert
    Feature record: CXX_FEATURE:1cxx_strong_enums
    Feature record: CXX_FEATURE:1cxx_template_template_parameters
    Feature record: CXX_FEATURE:1cxx_thread_local
    Feature record: CXX_FEATURE:1cxx_trailing_return_types
    Feature record: CXX_FEATURE:1cxx_unicode_literals
    Feature record: CXX_FEATURE:1cxx_uniform_initialization
    Feature record: CXX_FEATURE:1cxx_unrestricted_unions
    Feature record: CXX_FEATURE:1cxx_user_literals
    Feature record: CXX_FEATURE:0cxx_variable_templates
    Feature record: CXX_FEATURE:1cxx_variadic_macros
    Feature record: CXX_FEATURE:1cxx_variadic_templates


Detecting CXX [-std=c++98] compiler features compiled with the following output:
Change Dir: /home/kumquat/dynamorio/build32/CMakeFiles/CMakeTmp

Run Build Command:"/usr/bin/make" "cmTC_a7628/fast"
/usr/bin/make -f CMakeFiles/cmTC_a7628.dir/build.make CMakeFiles/cmTC_a7628.dir/build
make[1]: Entering directory '/home/kumquat/dynamorio/build32/CMakeFiles/CMakeTmp'
Building CXX object CMakeFiles/cmTC_a7628.dir/feature_tests.cxx.o
/usr/bin/c++    -m32    -std=c++98 -o CMakeFiles/cmTC_a7628.dir/feature_tests.cxx.o -c /home/kumquat/dynamorio/build32/CMakeFiles/feature_tests.cxx
Linking CXX executable cmTC_a7628
/usr/local/bin/cmake -E cmake_link_script CMakeFiles/cmTC_a7628.dir/link.txt --verbose=1
/usr/bin/c++  -m32     CMakeFiles/cmTC_a7628.dir/feature_tests.cxx.o  -o cmTC_a7628 
make[1]: Leaving directory '/home/kumquat/dynamorio/build32/CMakeFiles/CMakeTmp'


    Feature record: CXX_FEATURE:0cxx_aggregate_default_initializers
    Feature record: CXX_FEATURE:0cxx_alias_templates
    Feature record: CXX_FEATURE:0cxx_alignas
    Feature record: CXX_FEATURE:0cxx_alignof
    Feature record: CXX_FEATURE:0cxx_attributes
    Feature record: CXX_FEATURE:0cxx_attribute_deprecated
    Feature record: CXX_FEATURE:0cxx_auto_type
    Feature record: CXX_FEATURE:0cxx_binary_literals
    Feature record: CXX_FEATURE:0cxx_constexpr
    Feature record: CXX_FEATURE:0cxx_contextual_conversions
    Feature record: CXX_FEATURE:0cxx_decltype
    Feature record: CXX_FEATURE:0cxx_decltype_auto
    Feature record: CXX_FEATURE:0cxx_decltype_incomplete_return_types
    Feature record: CXX_FEATURE:0cxx_default_function_template_args
    Feature record: CXX_FEATURE:0cxx_defaulted_functions
    Feature record: CXX_FEATURE:0cxx_defaulted_move_initializers
    Feature record: CXX_FEATURE:0cxx_delegating_constructors
    Feature record: CXX_FEATURE:0cxx_deleted_functions
    Feature record: CXX_FEATURE:0cxx_digit_separators
    Feature record: CXX_FEATURE:0cxx_enum_forward_declarations
    Feature record: CXX_FEATURE:0cxx_explicit_conversions
    Feature record: CXX_FEATURE:0cxx_extended_friend_declarations
    Feature record: CXX_FEATURE:0cxx_extern_templates
    Feature record: CXX_FEATURE:0cxx_final
    Feature record: CXX_FEATURE:0cxx_func_identifier
    Feature record: CXX_FEATURE:0cxx_generalized_initializers
    Feature record: CXX_FEATURE:0cxx_generic_lambdas
    Feature record: CXX_FEATURE:0cxx_inheriting_constructors
    Feature record: CXX_FEATURE:0cxx_inline_namespaces
    Feature record: CXX_FEATURE:0cxx_lambdas
    Feature record: CXX_FEATURE:0cxx_lambda_init_captures
    Feature record: CXX_FEATURE:0cxx_local_type_template_args
    Feature record: CXX_FEATURE:0cxx_long_long_type
    Feature record: CXX_FEATURE:0cxx_noexcept
    Feature record: CXX_FEATURE:0cxx_nonstatic_member_init
    Feature record: CXX_FEATURE:0cxx_nullptr
    Feature record: CXX_FEATURE:0cxx_override
    Feature record: CXX_FEATURE:0cxx_range_for
    Feature record: CXX_FEATURE:0cxx_raw_string_literals
    Feature record: CXX_FEATURE:0cxx_reference_qualified_functions
    Feature record: CXX_FEATURE:0cxx_relaxed_constexpr
    Feature record: CXX_FEATURE:0cxx_return_type_deduction
    Feature record: CXX_FEATURE:0cxx_right_angle_brackets
    Feature record: CXX_FEATURE:0cxx_rvalue_references
    Feature record: CXX_FEATURE:0cxx_sizeof_member
    Feature record: CXX_FEATURE:0cxx_static_assert
    Feature record: CXX_FEATURE:0cxx_strong_enums
    Feature record: CXX_FEATURE:1cxx_template_template_parameters
    Feature record: CXX_FEATURE:0cxx_thread_local
    Feature record: CXX_FEATURE:0cxx_trailing_return_types
    Feature record: CXX_FEATURE:0cxx_unicode_literals
    Feature record: CXX_FEATURE:0cxx_uniform_initialization
    Feature record: CXX_FEATURE:0cxx_unrestricted_unions
    Feature record: CXX_FEATURE:0cxx_user_literals
    Feature record: CXX_FEATURE:0cxx_variable_templates
    Feature record: CXX_FEATURE:0cxx_variadic_macros
    Feature record: CXX_FEATURE:0cxx_variadic_templates
Checking whether the ASM compiler is GNU using "--version" matched "(GNU assembler)|(GCC)|(Free Software Foundation)":
GNU assembler (GNU Binutils for Ubuntu) 2.26.1
Copyright (C) 2015 Free Software Foundation, Inc.
This program is free software; you may redistribute it under the terms of
the GNU General Public License version 3 or later.
This program has absolutely no warranty.
This assembler was configured for a target of `x86_64-linux-gnu'.
Determining if the include file sys/types.h exists passed with the following output:
Change Dir: /home/kumquat/dynamorio/build32/CMakeFiles/CMakeTmp

Run Build Command:"/usr/bin/make" "cmTC_9e8d3/fast"
/usr/bin/make -f CMakeFiles/cmTC_9e8d3.dir/build.make CMakeFiles/cmTC_9e8d3.dir/build
make[1]: Entering directory '/home/kumquat/dynamorio/build32/CMakeFiles/CMakeTmp'
Building C object CMakeFiles/cmTC_9e8d3.dir/CheckIncludeFile.c.o
/usr/bin/cc    -o CMakeFiles/cmTC_9e8d3.dir/CheckIncludeFile.c.o   -c /home/kumquat/dynamorio/build32/CMakeFiles/CMakeTmp/CheckIncludeFile.c
Linking C executable cmTC_9e8d3
/usr/local/bin/cmake -E cmake_link_script CMakeFiles/cmTC_9e8d3.dir/link.txt --verbose=1
/usr/bin/cc       CMakeFiles/cmTC_9e8d3.dir/CheckIncludeFile.c.o  -o cmTC_9e8d3 
make[1]: Leaving directory '/home/kumquat/dynamorio/build32/CMakeFiles/CMakeTmp'


Determining if the include file stdint.h exists passed with the following output:
Change Dir: /home/kumquat/dynamorio/build32/CMakeFiles/CMakeTmp

Run Build Command:"/usr/bin/make" "cmTC_a6d89/fast"
/usr/bin/make -f CMakeFiles/cmTC_a6d89.dir/build.make CMakeFiles/cmTC_a6d89.dir/build
make[1]: Entering directory '/home/kumquat/dynamorio/build32/CMakeFiles/CMakeTmp'
Building C object CMakeFiles/cmTC_a6d89.dir/CheckIncludeFile.c.o
/usr/bin/cc    -o CMakeFiles/cmTC_a6d89.dir/CheckIncludeFile.c.o   -c /home/kumquat/dynamorio/build32/CMakeFiles/CMakeTmp/CheckIncludeFile.c
Linking C executable cmTC_a6d89
/usr/local/bin/cmake -E cmake_link_script CMakeFiles/cmTC_a6d89.dir/link.txt --verbose=1
/usr/bin/cc       CMakeFiles/cmTC_a6d89.dir/CheckIncludeFile.c.o  -o cmTC_a6d89 
make[1]: Leaving directory '/home/kumquat/dynamorio/build32/CMakeFiles/CMakeTmp'


Determining if the include file stddef.h exists passed with the following output:
Change Dir: /home/kumquat/dynamorio/build32/CMakeFiles/CMakeTmp

Run Build Command:"/usr/bin/make" "cmTC_343e5/fast"
/usr/bin/make -f CMakeFiles/cmTC_343e5.dir/build.make CMakeFiles/cmTC_343e5.dir/build
make[1]: Entering directory '/home/kumquat/dynamorio/build32/CMakeFiles/CMakeTmp'
Building C object CMakeFiles/cmTC_343e5.dir/CheckIncludeFile.c.o
/usr/bin/cc    -o CMakeFiles/cmTC_343e5.dir/CheckIncludeFile.c.o   -c /home/kumquat/dynamorio/build32/CMakeFiles/CMakeTmp/CheckIncludeFile.c
Linking C executable cmTC_343e5
/usr/local/bin/cmake -E cmake_link_script CMakeFiles/cmTC_343e5.dir/link.txt --verbose=1
/usr/bin/cc       CMakeFiles/cmTC_343e5.dir/CheckIncludeFile.c.o  -o cmTC_343e5 
make[1]: Leaving directory '/home/kumquat/dynamorio/build32/CMakeFiles/CMakeTmp'


Determining size of uint passed with the following output:
Change Dir: /home/kumquat/dynamorio/build32/CMakeFiles/CMakeTmp

Run Build Command:"/usr/bin/make" "cmTC_a5af3/fast"
/usr/bin/make -f CMakeFiles/cmTC_a5af3.dir/build.make CMakeFiles/cmTC_a5af3.dir/build
make[1]: Entering directory '/home/kumquat/dynamorio/build32/CMakeFiles/CMakeTmp'
Building C object CMakeFiles/cmTC_a5af3.dir/DR_DO_NOT_DEFINE_uint.c.o
/usr/bin/cc    -o CMakeFiles/cmTC_a5af3.dir/DR_DO_NOT_DEFINE_uint.c.o   -c /home/kumquat/dynamorio/build32/CMakeFiles/CheckTypeSize/DR_DO_NOT_DEFINE_uint.c
Linking C executable cmTC_a5af3
/usr/local/bin/cmake -E cmake_link_script CMakeFiles/cmTC_a5af3.dir/link.txt --verbose=1
/usr/bin/cc       CMakeFiles/cmTC_a5af3.dir/DR_DO_NOT_DEFINE_uint.c.o  -o cmTC_a5af3 
make[1]: Leaving directory '/home/kumquat/dynamorio/build32/CMakeFiles/CMakeTmp'


Determining size of ushort passed with the following output:
Change Dir: /home/kumquat/dynamorio/build32/CMakeFiles/CMakeTmp

Run Build Command:"/usr/bin/make" "cmTC_ff834/fast"
/usr/bin/make -f CMakeFiles/cmTC_ff834.dir/build.make CMakeFiles/cmTC_ff834.dir/build
make[1]: Entering directory '/home/kumquat/dynamorio/build32/CMakeFiles/CMakeTmp'
Building C object CMakeFiles/cmTC_ff834.dir/DR_DO_NOT_DEFINE_ushort.c.o
/usr/bin/cc    -o CMakeFiles/cmTC_ff834.dir/DR_DO_NOT_DEFINE_ushort.c.o   -c /home/kumquat/dynamorio/build32/CMakeFiles/CheckTypeSize/DR_DO_NOT_DEFINE_ushort.c
Linking C executable cmTC_ff834
/usr/local/bin/cmake -E cmake_link_script CMakeFiles/cmTC_ff834.dir/link.txt --verbose=1
/usr/bin/cc       CMakeFiles/cmTC_ff834.dir/DR_DO_NOT_DEFINE_ushort.c.o  -o cmTC_ff834 
make[1]: Leaving directory '/home/kumquat/dynamorio/build32/CMakeFiles/CMakeTmp'


Determining size of _Bool passed with the following output:
Change Dir: /home/kumquat/dynamorio/build32/CMakeFiles/CMakeTmp

Run Build Command:"/usr/bin/make" "cmTC_5e1a8/fast"
/usr/bin/make -f CMakeFiles/cmTC_5e1a8.dir/build.make CMakeFiles/cmTC_5e1a8.dir/build
make[1]: Entering directory '/home/kumquat/dynamorio/build32/CMakeFiles/CMakeTmp'
Building C object CMakeFiles/cmTC_5e1a8.dir/DR__Bool_EXISTS.c.o
/usr/bin/cc    -o CMakeFiles/cmTC_5e1a8.dir/DR__Bool_EXISTS.c.o   -c /home/kumquat/dynamorio/build32/CMakeFiles/CheckTypeSize/DR__Bool_EXISTS.c
Linking C executable cmTC_5e1a8
/usr/local/bin/cmake -E cmake_link_script CMakeFiles/cmTC_5e1a8.dir/link.txt --verbose=1
/usr/bin/cc       CMakeFiles/cmTC_5e1a8.dir/DR__Bool_EXISTS.c.o  -o cmTC_5e1a8 
make[1]: Leaving directory '/home/kumquat/dynamorio/build32/CMakeFiles/CMakeTmp'


Performing C++ SOURCE FILE Test cxx17_available succeeded with the following output:
Change Dir: /home/kumquat/dynamorio/build32/CMakeFiles/CMakeTmp

Run Build Command:"/usr/bin/make" "cmTC_473ac/fast"
/usr/bin/make -f CMakeFiles/cmTC_473ac.dir/build.make CMakeFiles/cmTC_473ac.dir/build
make[1]: Entering directory '/home/kumquat/dynamorio/build32/CMakeFiles/CMakeTmp'
Building CXX object CMakeFiles/cmTC_473ac.dir/src.cxx.o
/usr/bin/c++    -Dcxx17_available   -std=c++17 -o CMakeFiles/cmTC_473ac.dir/src.cxx.o -c /home/kumquat/dynamorio/build32/CMakeFiles/CMakeTmp/src.cxx
Linking CXX executable cmTC_473ac
/usr/local/bin/cmake -E cmake_link_script CMakeFiles/cmTC_473ac.dir/link.txt --verbose=1
/usr/bin/c++    -Dcxx17_available    CMakeFiles/cmTC_473ac.dir/src.cxx.o  -o cmTC_473ac 
make[1]: Leaving directory '/home/kumquat/dynamorio/build32/CMakeFiles/CMakeTmp'

Source file was:
int main() { return 0; }
Performing C SOURCE FILE Test no_stack_protector_avail succeeded with the following output:
Change Dir: /home/kumquat/dynamorio/build32/CMakeFiles/CMakeTmp

Run Build Command:"/usr/bin/make" "cmTC_6e41a/fast"
/usr/bin/make -f CMakeFiles/cmTC_6e41a.dir/build.make CMakeFiles/cmTC_6e41a.dir/build
make[1]: Entering directory '/home/kumquat/dynamorio/build32/CMakeFiles/CMakeTmp'
Building C object CMakeFiles/cmTC_6e41a.dir/src.c.o
/usr/bin/cc   -Dno_stack_protector_avail   -fno-stack-protector -o CMakeFiles/cmTC_6e41a.dir/src.c.o   -c /home/kumquat/dynamorio/build32/CMakeFiles/CMakeTmp/src.c
Linking C executable cmTC_6e41a
/usr/local/bin/cmake -E cmake_link_script CMakeFiles/cmTC_6e41a.dir/link.txt --verbose=1
/usr/bin/cc   -Dno_stack_protector_avail    CMakeFiles/cmTC_6e41a.dir/src.c.o  -o cmTC_6e41a 
make[1]: Leaving directory '/home/kumquat/dynamorio/build32/CMakeFiles/CMakeTmp'

Source file was:
int main(void) { return 0; }
Performing C++ SOURCE FILE Test suggest_override_avail succeeded with the following output:
Change Dir: /home/kumquat/dynamorio/build32/CMakeFiles/CMakeTmp

Run Build Command:"/usr/bin/make" "cmTC_a8285/fast"
/usr/bin/make -f CMakeFiles/cmTC_a8285.dir/build.make CMakeFiles/cmTC_a8285.dir/build
make[1]: Entering directory '/home/kumquat/dynamorio/build32/CMakeFiles/CMakeTmp'
Building CXX object CMakeFiles/cmTC_a8285.dir/src.cxx.o
/usr/bin/c++    -Dsuggest_override_avail   -Wsuggest-override -o CMakeFiles/cmTC_a8285.dir/src.cxx.o -c /home/kumquat/dynamorio/build32/CMakeFiles/CMakeTmp/src.cxx
Linking CXX executable cmTC_a8285
/usr/local/bin/cmake -E cmake_link_script CMakeFiles/cmTC_a8285.dir/link.txt --verbose=1
/usr/bin/c++    -Dsuggest_override_avail    CMakeFiles/cmTC_a8285.dir/src.cxx.o  -o cmTC_a8285 
make[1]: Leaving directory '/home/kumquat/dynamorio/build32/CMakeFiles/CMakeTmp'

Source file was:
int main() { return 0; }
Performing C SOURCE FILE Test nounused_avail succeeded with the following output:
Change Dir: /home/kumquat/dynamorio/build32/CMakeFiles/CMakeTmp

Run Build Command:"/usr/bin/make" "cmTC_97d42/fast"
/usr/bin/make -f CMakeFiles/cmTC_97d42.dir/build.make CMakeFiles/cmTC_97d42.dir/build
make[1]: Entering directory '/home/kumquat/dynamorio/build32/CMakeFiles/CMakeTmp'
Building C object CMakeFiles/cmTC_97d42.dir/src.c.o
/usr/bin/cc   -Dnounused_avail   -Wno-unused-but-set-variable -o CMakeFiles/cmTC_97d42.dir/src.c.o   -c /home/kumquat/dynamorio/build32/CMakeFiles/CMakeTmp/src.c
Linking C executable cmTC_97d42
/usr/local/bin/cmake -E cmake_link_script CMakeFiles/cmTC_97d42.dir/link.txt --verbose=1
/usr/bin/cc   -Dnounused_avail    CMakeFiles/cmTC_97d42.dir/src.c.o  -o cmTC_97d42 
make[1]: Leaving directory '/home/kumquat/dynamorio/build32/CMakeFiles/CMakeTmp'

Source file was:
int main(void) { return 0; }
Performing C SOURCE FILE Test HAVE_TYPELIMITS_CONTROL succeeded with the following output:
Change Dir: /home/kumquat/dynamorio/build32/CMakeFiles/CMakeTmp

Run Build Command:"/usr/bin/make" "cmTC_67284/fast"
/usr/bin/make -f CMakeFiles/cmTC_67284.dir/build.make CMakeFiles/cmTC_67284.dir/build
make[1]: Entering directory '/home/kumquat/dynamorio/build32/CMakeFiles/CMakeTmp'
Building C object CMakeFiles/cmTC_67284.dir/src.c.o
/usr/bin/cc   -DHAVE_TYPELIMITS_CONTROL   -Wtype-limits -o CMakeFiles/cmTC_67284.dir/src.c.o   -c /home/kumquat/dynamorio/build32/CMakeFiles/CMakeTmp/src.c
Linking C executable cmTC_67284
/usr/local/bin/cmake -E cmake_link_script CMakeFiles/cmTC_67284.dir/link.txt --verbose=1
/usr/bin/cc   -DHAVE_TYPELIMITS_CONTROL    CMakeFiles/cmTC_67284.dir/src.c.o  -o cmTC_67284 
make[1]: Leaving directory '/home/kumquat/dynamorio/build32/CMakeFiles/CMakeTmp'

Source file was:
int main(void) { return 0; }
Performing C SOURCE FILE Test HAVE_FVISIBILITY_INTERNAL succeeded with the following output:
Change Dir: /home/kumquat/dynamorio/build32/CMakeFiles/CMakeTmp

Run Build Command:"/usr/bin/make" "cmTC_4f5b6/fast"
/usr/bin/make -f CMakeFiles/cmTC_4f5b6.dir/build.make CMakeFiles/cmTC_4f5b6.dir/build
make[1]: Entering directory '/home/kumquat/dynamorio/build32/CMakeFiles/CMakeTmp'
Building C object CMakeFiles/cmTC_4f5b6.dir/src.c.o
/usr/bin/cc   -DHAVE_FVISIBILITY_INTERNAL   -fvisibility=internal -o CMakeFiles/cmTC_4f5b6.dir/src.c.o   -c /home/kumquat/dynamorio/build32/CMakeFiles/CMakeTmp/src.c
Linking C executable cmTC_4f5b6
/usr/local/bin/cmake -E cmake_link_script CMakeFiles/cmTC_4f5b6.dir/link.txt --verbose=1
/usr/bin/cc   -DHAVE_FVISIBILITY_INTERNAL    CMakeFiles/cmTC_4f5b6.dir/src.c.o  -o cmTC_4f5b6 
make[1]: Leaving directory '/home/kumquat/dynamorio/build32/CMakeFiles/CMakeTmp'

Source file was:
int main(void) { return 0; }
Performing C SOURCE FILE Test HAVE_FVISIBILITY_HIDDEN succeeded with the following output:
Change Dir: /home/kumquat/dynamorio/build32/CMakeFiles/CMakeTmp

Run Build Command:"/usr/bin/make" "cmTC_f6151/fast"
/usr/bin/make -f CMakeFiles/cmTC_f6151.dir/build.make CMakeFiles/cmTC_f6151.dir/build
make[1]: Entering directory '/home/kumquat/dynamorio/build32/CMakeFiles/CMakeTmp'
Building C object CMakeFiles/cmTC_f6151.dir/src.c.o
/usr/bin/cc   -DHAVE_FVISIBILITY_HIDDEN   -fvisibility=hidden -o CMakeFiles/cmTC_f6151.dir/src.c.o   -c /home/kumquat/dynamorio/build32/CMakeFiles/CMakeTmp/src.c
Linking C executable cmTC_f6151
/usr/local/bin/cmake -E cmake_link_script CMakeFiles/cmTC_f6151.dir/link.txt --verbose=1
/usr/bin/cc   -DHAVE_FVISIBILITY_HIDDEN    CMakeFiles/cmTC_f6151.dir/src.c.o  -o cmTC_f6151 
make[1]: Leaving directory '/home/kumquat/dynamorio/build32/CMakeFiles/CMakeTmp'

Source file was:
int main(void) { return 0; }
Performing C SOURCE FILE Test no_pie_avail succeeded with the following output:
Change Dir: /home/kumquat/dynamorio/build32/CMakeFiles/CMakeTmp

Run Build Command:"/usr/bin/make" "cmTC_f6734/fast"
/usr/bin/make -f CMakeFiles/cmTC_f6734.dir/build.make CMakeFiles/cmTC_f6734.dir/build
make[1]: Entering directory '/home/kumquat/dynamorio/build32/CMakeFiles/CMakeTmp'
Building C object CMakeFiles/cmTC_f6734.dir/src.c.o
/usr/bin/cc   -m32  -fno-strict-aliasing -fno-stack-protector -fvisibility=internal  -std=gnu99 -fno-unwind-tables -O3 -g3 -Wall -Werror -Wwrite-strings -Wno-unused-but-set-variable -Dno_pie_avail   -no-pie -o CMakeFiles/cmTC_f6734.dir/src.c.o   -c /home/kumquat/dynamorio/build32/CMakeFiles/CMakeTmp/src.c
Linking C executable cmTC_f6734
/usr/local/bin/cmake -E cmake_link_script CMakeFiles/cmTC_f6734.dir/link.txt --verbose=1
/usr/bin/cc -m32  -fno-strict-aliasing -fno-stack-protector -fvisibility=internal  -std=gnu99 -fno-unwind-tables -O3 -g3 -Wall -Werror -Wwrite-strings -Wno-unused-but-set-variable -Dno_pie_avail     CMakeFiles/cmTC_f6734.dir/src.c.o  -o cmTC_f6734 
make[1]: Leaving directory '/home/kumquat/dynamorio/build32/CMakeFiles/CMakeTmp'

Source file was:
int main(void) { return 0; }
